<?xml version="1.0" encoding="UTF-8" ?>
<testsuites errors="0"
            failures="2"
            tests="3">

  <testsuite name="signInTest"
    errors="0" failures="2" hostname="" id="" package="signInTest" skipped="0"
    tests="3" time="80.17" timestamp="Mon, 11 Jun 2018 12:25:37 GMT">
  
    <testcase name="Sign-in to Account from Homepage" classname="signInTest" time="43.78" assertions="4">

    

    

    

    
    </testcase>
  
    <testcase name="Sign out of Account by MOUSING and click Sign out" classname="signInTest" time="24.62" assertions="6">

    

    

    

      <failure message="2000">    at Object.Sign out of Account by MOUSING and click Sign out (/Users/joepclaessens/Documents/Projects/DevMountain/src/usps-wolf_pack/tests/signInTest.js:26:21)</failure>

    

    
    </testcase>
  
    <testcase name="Sign out of Account by clicking Hi, Jeff" classname="signInTest" time="11.77" assertions="2">

      <failure message="Wating 5 sec for page to load">    at module.exports (/Users/joepclaessens/Documents/Projects/DevMountain/src/usps-wolf_pack/Functions/signedInFunc.js:6:6)
    at Object.Sign out of Account by clicking Hi, Jeff (/Users/joepclaessens/Documents/Projects/DevMountain/src/usps-wolf_pack/tests/signInTest.js:30:9)</failure>

    
    </testcase>
  

  

  
  </testsuite>
</testsuites>
